{"/home/hoffman/Projects/Projetos-Trybe/my-repository/trivia/src/App.js": {"path":"/home/hoffman/Projects/Projetos-Trybe/my-repository/trivia/src/App.js","statementMap":{"0":{"start":{"line":11,"column":2},"end":{"line":19,"column":4}}},"fnMap":{"0":{"name":"App","decl":{"start":{"line":10,"column":24},"end":{"line":10,"column":27}},"loc":{"start":{"line":10,"column":30},"end":{"line":20,"column":1}},"line":10}},"branchMap":{},"s":{"0":14},"f":{"0":14},"b":{},"_coverageSchema":"43e27e138ebf9cfc5966b082cf9a028302ed4184","hash":"85aa5cdea24e777629822d20467d9e48ef7d7cd8"}
,"/home/hoffman/Projects/Projetos-Trybe/my-repository/trivia/src/components/Header.jsx": {"path":"/home/hoffman/Projects/Projetos-Trybe/my-repository/trivia/src/components/Header.jsx","statementMap":{"0":{"start":{"line":7,"column":16},"end":{"line":7,"column":17}},"1":{"start":{"line":9,"column":18},"end":{"line":12,"column":3}},"2":{"start":{"line":10,"column":38},"end":{"line":10,"column":48}},"3":{"start":{"line":11,"column":4},"end":{"line":11,"column":29}},"4":{"start":{"line":14,"column":20},"end":{"line":17,"column":3}},"5":{"start":{"line":15,"column":38},"end":{"line":15,"column":48}},"6":{"start":{"line":16,"column":4},"end":{"line":16,"column":22}},"7":{"start":{"line":20,"column":47},"end":{"line":20,"column":57}},"8":{"start":{"line":21,"column":4},"end":{"line":71,"column":6}},"9":{"start":{"line":74,"column":0},"end":{"line":79,"column":13}},"10":{"start":{"line":80,"column":24},"end":{"line":85,"column":2}},"11":{"start":{"line":80,"column":36},"end":{"line":85,"column":1}}},"fnMap":{"0":{"name":"(anonymous_0)","decl":{"start":{"line":9,"column":18},"end":{"line":9,"column":19}},"loc":{"start":{"line":9,"column":24},"end":{"line":12,"column":3}},"line":9},"1":{"name":"(anonymous_1)","decl":{"start":{"line":14,"column":20},"end":{"line":14,"column":21}},"loc":{"start":{"line":14,"column":26},"end":{"line":17,"column":3}},"line":14},"2":{"name":"(anonymous_2)","decl":{"start":{"line":19,"column":2},"end":{"line":19,"column":3}},"loc":{"start":{"line":19,"column":11},"end":{"line":72,"column":3}},"line":19},"3":{"name":"(anonymous_3)","decl":{"start":{"line":80,"column":24},"end":{"line":80,"column":25}},"loc":{"start":{"line":80,"column":36},"end":{"line":85,"column":1}},"line":80}},"branchMap":{"0":{"loc":{"start":{"line":55,"column":45},"end":{"line":55,"column":104}},"type":"cond-expr","locations":[{"start":{"line":55,"column":69},"end":{"line":55,"column":81}},{"start":{"line":55,"column":84},"end":{"line":55,"column":104}}],"line":55},"1":{"loc":{"start":{"line":65,"column":51},"end":{"line":65,"column":76}},"type":"cond-expr","locations":[{"start":{"line":65,"column":58},"end":{"line":65,"column":62}},{"start":{"line":65,"column":65},"end":{"line":65,"column":76}}],"line":65}},"s":{"0":4,"1":12,"2":1,"3":1,"4":12,"5":1,"6":1,"7":20,"8":20,"9":4,"10":4,"11":82},"f":{"0":1,"1":1,"2":20,"3":82},"b":{"0":[2,18],"1":[6,14]},"_coverageSchema":"43e27e138ebf9cfc5966b082cf9a028302ed4184","hash":"68f3e576ae477ea542dd2437e420644b3d1ff6ce"}
,"/home/hoffman/Projects/Projetos-Trybe/my-repository/trivia/src/components/QuestionCard.jsx": {"path":"/home/hoffman/Projects/Projetos-Trybe/my-repository/trivia/src/components/QuestionCard.jsx","statementMap":{"0":{"start":{"line":15,"column":17},"end":{"line":15,"column":18}},"1":{"start":{"line":17,"column":10},"end":{"line":21,"column":3}},"2":{"start":{"line":23,"column":16},"end":{"line":35,"column":3}},"3":{"start":{"line":24,"column":22},"end":{"line":24,"column":32}},"4":{"start":{"line":25,"column":22},"end":{"line":25,"column":32}},"5":{"start":{"line":26,"column":4},"end":{"line":29,"column":5}},"6":{"start":{"line":27,"column":6},"end":{"line":27,"column":30}},"7":{"start":{"line":28,"column":6},"end":{"line":28,"column":43}},"8":{"start":{"line":30,"column":4},"end":{"line":33,"column":7}},"9":{"start":{"line":34,"column":4},"end":{"line":34,"column":17}},"10":{"start":{"line":37,"column":25},"end":{"line":58,"column":3}},"11":{"start":{"line":38,"column":53},"end":{"line":38,"column":63}},"12":{"start":{"line":39,"column":49},"end":{"line":39,"column":59}},"13":{"start":{"line":40,"column":4},"end":{"line":43,"column":7}},"14":{"start":{"line":44,"column":25},"end":{"line":44,"column":62}},"15":{"start":{"line":45,"column":27},"end":{"line":45,"column":61}},"16":{"start":{"line":46,"column":22},"end":{"line":50,"column":5}},"17":{"start":{"line":51,"column":4},"end":{"line":51,"column":40}},"18":{"start":{"line":51,"column":23},"end":{"line":51,"column":40}},"19":{"start":{"line":52,"column":24},"end":{"line":52,"column":26}},"20":{"start":{"line":53,"column":38},"end":{"line":53,"column":49}},"21":{"start":{"line":54,"column":23},"end":{"line":54,"column":25}},"22":{"start":{"line":55,"column":19},"end":{"line":56,"column":80}},"23":{"start":{"line":57,"column":4},"end":{"line":57,"column":21}},"24":{"start":{"line":60,"column":21},"end":{"line":73,"column":3}},"25":{"start":{"line":61,"column":43},"end":{"line":61,"column":53}},"26":{"start":{"line":63,"column":24},"end":{"line":67,"column":5}},"27":{"start":{"line":68,"column":23},"end":{"line":70,"column":10}},"28":{"start":{"line":71,"column":20},"end":{"line":71,"column":48}},"29":{"start":{"line":72,"column":4},"end":{"line":72,"column":61}},"30":{"start":{"line":76,"column":36},"end":{"line":76,"column":46}},"31":{"start":{"line":77,"column":48},"end":{"line":77,"column":58}},"32":{"start":{"line":80,"column":6},"end":{"line":87,"column":15}},"33":{"start":{"line":89,"column":4},"end":{"line":132,"column":6}},"34":{"start":{"line":93,"column":12},"end":{"line":128,"column":15}},"35":{"start":{"line":102,"column":26},"end":{"line":118,"column":35}},"36":{"start":{"line":136,"column":24},"end":{"line":143,"column":2}},"37":{"start":{"line":136,"column":36},"end":{"line":143,"column":1}},"38":{"start":{"line":145,"column":27},"end":{"line":149,"column":2}},"39":{"start":{"line":145,"column":42},"end":{"line":149,"column":1}},"40":{"start":{"line":146,"column":22},"end":{"line":146,"column":56}},"41":{"start":{"line":147,"column":23},"end":{"line":147,"column":54}},"42":{"start":{"line":148,"column":33},"end":{"line":148,"column":74}},"43":{"start":{"line":151,"column":0},"end":{"line":153,"column":13}}},"fnMap":{"0":{"name":"(anonymous_0)","decl":{"start":{"line":23,"column":16},"end":{"line":23,"column":17}},"loc":{"start":{"line":23,"column":22},"end":{"line":35,"column":3}},"line":23},"1":{"name":"(anonymous_1)","decl":{"start":{"line":37,"column":25},"end":{"line":37,"column":26}},"loc":{"start":{"line":37,"column":32},"end":{"line":58,"column":3}},"line":37},"2":{"name":"(anonymous_2)","decl":{"start":{"line":60,"column":21},"end":{"line":60,"column":22}},"loc":{"start":{"line":60,"column":27},"end":{"line":73,"column":3}},"line":60},"3":{"name":"(anonymous_3)","decl":{"start":{"line":75,"column":2},"end":{"line":75,"column":3}},"loc":{"start":{"line":75,"column":11},"end":{"line":133,"column":3}},"line":75},"4":{"name":"(anonymous_4)","decl":{"start":{"line":92,"column":25},"end":{"line":92,"column":26}},"loc":{"start":{"line":93,"column":12},"end":{"line":128,"column":15}},"line":93},"5":{"name":"(anonymous_5)","decl":{"start":{"line":101,"column":29},"end":{"line":101,"column":30}},"loc":{"start":{"line":102,"column":26},"end":{"line":118,"column":35}},"line":102},"6":{"name":"(anonymous_6)","decl":{"start":{"line":136,"column":24},"end":{"line":136,"column":25}},"loc":{"start":{"line":136,"column":36},"end":{"line":143,"column":1}},"line":136},"7":{"name":"(anonymous_7)","decl":{"start":{"line":145,"column":27},"end":{"line":145,"column":28}},"loc":{"start":{"line":145,"column":42},"end":{"line":149,"column":1}},"line":145},"8":{"name":"(anonymous_8)","decl":{"start":{"line":146,"column":9},"end":{"line":146,"column":10}},"loc":{"start":{"line":146,"column":22},"end":{"line":146,"column":56}},"line":146},"9":{"name":"(anonymous_9)","decl":{"start":{"line":147,"column":12},"end":{"line":147,"column":13}},"loc":{"start":{"line":147,"column":23},"end":{"line":147,"column":54}},"line":147},"10":{"name":"(anonymous_10)","decl":{"start":{"line":148,"column":17},"end":{"line":148,"column":18}},"loc":{"start":{"line":148,"column":33},"end":{"line":148,"column":74}},"line":148}},"branchMap":{"0":{"loc":{"start":{"line":26,"column":4},"end":{"line":29,"column":5}},"type":"if","locations":[{"start":{"line":26,"column":4},"end":{"line":29,"column":5}},{"start":{"line":26,"column":4},"end":{"line":29,"column":5}}],"line":26},"1":{"loc":{"start":{"line":41,"column":20},"end":{"line":41,"column":62}},"type":"binary-expr","locations":[{"start":{"line":41,"column":20},"end":{"line":41,"column":51}},{"start":{"line":41,"column":55},"end":{"line":41,"column":62}}],"line":41},"2":{"loc":{"start":{"line":51,"column":4},"end":{"line":51,"column":40}},"type":"if","locations":[{"start":{"line":51,"column":4},"end":{"line":51,"column":40}},{"start":{"line":51,"column":4},"end":{"line":51,"column":40}}],"line":51},"3":{"loc":{"start":{"line":53,"column":12},"end":{"line":53,"column":33}},"type":"default-arg","locations":[{"start":{"line":53,"column":22},"end":{"line":53,"column":33}}],"line":53},"4":{"loc":{"start":{"line":55,"column":19},"end":{"line":56,"column":80}},"type":"cond-expr","locations":[{"start":{"line":56,"column":8},"end":{"line":56,"column":9}},{"start":{"line":56,"column":13},"end":{"line":56,"column":79}}],"line":55},"5":{"loc":{"start":{"line":68,"column":23},"end":{"line":70,"column":10}},"type":"cond-expr","locations":[{"start":{"line":69,"column":8},"end":{"line":69,"column":51}},{"start":{"line":70,"column":8},"end":{"line":70,"column":10}}],"line":68},"6":{"loc":{"start":{"line":93,"column":12},"end":{"line":128,"column":15}},"type":"binary-expr","locations":[{"start":{"line":93,"column":12},"end":{"line":93,"column":27}},{"start":{"line":95,"column":16},"end":{"line":127,"column":22}}],"line":93},"7":{"loc":{"start":{"line":109,"column":33},"end":{"line":111,"column":58}},"type":"cond-expr","locations":[{"start":{"line":110,"column":34},"end":{"line":110,"column":50}},{"start":{"line":111,"column":34},"end":{"line":111,"column":58}}],"line":109},"8":{"loc":{"start":{"line":113,"column":49},"end":{"line":114,"column":77}},"type":"cond-expr","locations":[{"start":{"line":114,"column":32},"end":{"line":114,"column":59}},{"start":{"line":114,"column":62},"end":{"line":114,"column":77}}],"line":113},"9":{"loc":{"start":{"line":123,"column":20},"end":{"line":125,"column":28}},"type":"cond-expr","locations":[{"start":{"line":124,"column":24},"end":{"line":124,"column":31}},{"start":{"line":125,"column":24},"end":{"line":125,"column":28}}],"line":123},"10":{"loc":{"start":{"line":123,"column":21},"end":{"line":123,"column":44}},"type":"binary-expr","locations":[{"start":{"line":123,"column":21},"end":{"line":123,"column":30}},{"start":{"line":123,"column":34},"end":{"line":123,"column":44}}],"line":123}},"s":{"0":4,"1":11,"2":11,"3":8,"4":8,"5":8,"6":1,"7":1,"8":8,"9":8,"10":11,"11":9,"12":9,"13":9,"14":9,"15":9,"16":9,"17":9,"18":8,"19":9,"20":9,"21":9,"22":9,"23":9,"24":11,"25":1,"26":1,"27":1,"28":1,"29":1,"30":72,"31":72,"32":72,"33":72,"34":305,"35":150,"36":4,"37":81,"38":4,"39":11,"40":8,"41":9,"42":8,"43":4},"f":{"0":8,"1":9,"2":1,"3":72,"4":305,"5":150,"6":81,"7":11,"8":8,"9":9,"10":8},"b":{"0":[1,7],"1":[9,9],"2":[8,1],"3":[6],"4":[1,8],"5":[0,1],"6":[305,60],"7":[60,90],"8":[60,90],"9":[18,42],"10":[60,59]},"_coverageSchema":"43e27e138ebf9cfc5966b082cf9a028302ed4184","hash":"077024d1da1709cd43e65fbf8ea765ba37c9e958"}
,"/home/hoffman/Projects/Projetos-Trybe/my-repository/trivia/src/components/timer.jsx": {"path":"/home/hoffman/Projects/Projetos-Trybe/my-repository/trivia/src/components/timer.jsx","statementMap":{"0":{"start":{"line":9,"column":4},"end":{"line":9,"column":12}},"1":{"start":{"line":10,"column":4},"end":{"line":12,"column":6}},"2":{"start":{"line":17,"column":23},"end":{"line":17,"column":27}},"3":{"start":{"line":18,"column":4},"end":{"line":22,"column":19}},"4":{"start":{"line":19,"column":6},"end":{"line":21,"column":10}},"5":{"start":{"line":19,"column":36},"end":{"line":21,"column":7}},"6":{"start":{"line":27,"column":25},"end":{"line":27,"column":35}},"7":{"start":{"line":28,"column":23},"end":{"line":28,"column":24}},"8":{"start":{"line":30,"column":4},"end":{"line":33,"column":7}},"9":{"start":{"line":35,"column":4},"end":{"line":43,"column":5}},"10":{"start":{"line":37,"column":6},"end":{"line":37,"column":34}},"11":{"start":{"line":38,"column":6},"end":{"line":41,"column":9}},"12":{"start":{"line":47,"column":4},"end":{"line":47,"column":32}},"13":{"start":{"line":51,"column":24},"end":{"line":51,"column":34}},"14":{"start":{"line":52,"column":4},"end":{"line":54,"column":6}},"15":{"start":{"line":58,"column":0},"end":{"line":60,"column":13}},"16":{"start":{"line":62,"column":27},"end":{"line":64,"column":2}},"17":{"start":{"line":62,"column":42},"end":{"line":64,"column":1}},"18":{"start":{"line":63,"column":25},"end":{"line":63,"column":59}}},"fnMap":{"0":{"name":"(anonymous_0)","decl":{"start":{"line":8,"column":2},"end":{"line":8,"column":3}},"loc":{"start":{"line":8,"column":16},"end":{"line":13,"column":3}},"line":8},"1":{"name":"(anonymous_1)","decl":{"start":{"line":16,"column":2},"end":{"line":16,"column":3}},"loc":{"start":{"line":16,"column":22},"end":{"line":23,"column":3}},"line":16},"2":{"name":"(anonymous_2)","decl":{"start":{"line":18,"column":31},"end":{"line":18,"column":32}},"loc":{"start":{"line":18,"column":37},"end":{"line":22,"column":5}},"line":18},"3":{"name":"(anonymous_3)","decl":{"start":{"line":19,"column":20},"end":{"line":19,"column":21}},"loc":{"start":{"line":19,"column":36},"end":{"line":21,"column":7}},"line":19},"4":{"name":"(anonymous_4)","decl":{"start":{"line":26,"column":2},"end":{"line":26,"column":3}},"loc":{"start":{"line":26,"column":44},"end":{"line":44,"column":3}},"line":26},"5":{"name":"(anonymous_5)","decl":{"start":{"line":46,"column":2},"end":{"line":46,"column":3}},"loc":{"start":{"line":46,"column":25},"end":{"line":48,"column":3}},"line":46},"6":{"name":"(anonymous_6)","decl":{"start":{"line":50,"column":2},"end":{"line":50,"column":3}},"loc":{"start":{"line":50,"column":11},"end":{"line":55,"column":3}},"line":50},"7":{"name":"(anonymous_7)","decl":{"start":{"line":62,"column":27},"end":{"line":62,"column":28}},"loc":{"start":{"line":62,"column":42},"end":{"line":64,"column":1}},"line":62},"8":{"name":"(anonymous_8)","decl":{"start":{"line":63,"column":12},"end":{"line":63,"column":13}},"loc":{"start":{"line":63,"column":25},"end":{"line":63,"column":59}},"line":63}},"branchMap":{"0":{"loc":{"start":{"line":35,"column":4},"end":{"line":43,"column":5}},"type":"if","locations":[{"start":{"line":35,"column":4},"end":{"line":43,"column":5}},{"start":{"line":35,"column":4},"end":{"line":43,"column":5}}],"line":35}},"s":{"0":17,"1":17,"2":17,"3":17,"4":34,"5":34,"6":34,"7":34,"8":34,"9":34,"10":1,"11":1,"12":17,"13":51,"14":51,"15":4,"16":4,"17":17,"18":35},"f":{"0":17,"1":17,"2":34,"3":34,"4":34,"5":17,"6":51,"7":17,"8":35},"b":{"0":[1,33]},"_coverageSchema":"43e27e138ebf9cfc5966b082cf9a028302ed4184","hash":"12b472b9d0885f80f29dd8d07830d29e5cae390d"}
,"/home/hoffman/Projects/Projetos-Trybe/my-repository/trivia/src/pages/Feedback.js": {"path":"/home/hoffman/Projects/Projetos-Trybe/my-repository/trivia/src/pages/Feedback.js","statementMap":{"0":{"start":{"line":10,"column":4},"end":{"line":15,"column":6}}},"fnMap":{"0":{"name":"(anonymous_0)","decl":{"start":{"line":8,"column":2},"end":{"line":8,"column":3}},"loc":{"start":{"line":8,"column":11},"end":{"line":16,"column":3}},"line":8}},"branchMap":{},"s":{"0":1},"f":{"0":1},"b":{},"_coverageSchema":"43e27e138ebf9cfc5966b082cf9a028302ed4184","hash":"96729bbaf62b8ec2811a5a2416e74d50fb804557"}
,"/home/hoffman/Projects/Projetos-Trybe/my-repository/trivia/src/pages/Game.jsx": {"path":"/home/hoffman/Projects/Projetos-Trybe/my-repository/trivia/src/pages/Game.jsx","statementMap":{"0":{"start":{"line":11,"column":32},"end":{"line":11,"column":42}},"1":{"start":{"line":12,"column":4},"end":{"line":12,"column":22}},"2":{"start":{"line":16,"column":4},"end":{"line":21,"column":6}},"3":{"start":{"line":25,"column":27},"end":{"line":29,"column":2}},"4":{"start":{"line":25,"column":42},"end":{"line":29,"column":1}},"5":{"start":{"line":27,"column":4},"end":{"line":27,"column":33}},"6":{"start":{"line":31,"column":0},"end":{"line":33,"column":13}}},"fnMap":{"0":{"name":"(anonymous_0)","decl":{"start":{"line":10,"column":2},"end":{"line":10,"column":3}},"loc":{"start":{"line":10,"column":22},"end":{"line":13,"column":3}},"line":10},"1":{"name":"(anonymous_1)","decl":{"start":{"line":15,"column":2},"end":{"line":15,"column":3}},"loc":{"start":{"line":15,"column":11},"end":{"line":22,"column":3}},"line":15},"2":{"name":"(anonymous_2)","decl":{"start":{"line":25,"column":27},"end":{"line":25,"column":28}},"loc":{"start":{"line":25,"column":42},"end":{"line":29,"column":1}},"line":25},"3":{"name":"(anonymous_3)","decl":{"start":{"line":26,"column":19},"end":{"line":26,"column":20}},"loc":{"start":{"line":27,"column":4},"end":{"line":27,"column":33}},"line":27}},"branchMap":{},"s":{"0":11,"1":11,"2":11,"3":4,"4":11,"5":11,"6":4},"f":{"0":11,"1":11,"2":11,"3":11},"b":{},"_coverageSchema":"43e27e138ebf9cfc5966b082cf9a028302ed4184","hash":"c6a79018a42beaac3707446e2106f80989890f1c"}
,"/home/hoffman/Projects/Projetos-Trybe/my-repository/trivia/src/pages/Login.jsx": {"path":"/home/hoffman/Projects/Projetos-Trybe/my-repository/trivia/src/pages/Login.jsx","statementMap":{"0":{"start":{"line":12,"column":11},"end":{"line":16,"column":3}},"1":{"start":{"line":18,"column":17},"end":{"line":32,"column":3}},"2":{"start":{"line":19,"column":4},"end":{"line":21,"column":7}},"3":{"start":{"line":22,"column":33},"end":{"line":22,"column":43}},"4":{"start":{"line":23,"column":4},"end":{"line":31,"column":5}},"5":{"start":{"line":24,"column":6},"end":{"line":26,"column":9}},"6":{"start":{"line":28,"column":6},"end":{"line":30,"column":9}},"7":{"start":{"line":34,"column":17},"end":{"line":49,"column":3}},"8":{"start":{"line":35,"column":43},"end":{"line":35,"column":53}},"9":{"start":{"line":36,"column":33},"end":{"line":36,"column":43}},"10":{"start":{"line":37,"column":4},"end":{"line":37,"column":23}},"11":{"start":{"line":38,"column":22},"end":{"line":38,"column":40}},"12":{"start":{"line":39,"column":4},"end":{"line":39,"column":41}},"13":{"start":{"line":40,"column":24},"end":{"line":40,"column":46}},"14":{"start":{"line":41,"column":4},"end":{"line":48,"column":5}},"15":{"start":{"line":42,"column":6},"end":{"line":42,"column":24}},"16":{"start":{"line":44,"column":6},"end":{"line":44,"column":43}},"17":{"start":{"line":45,"column":6},"end":{"line":45,"column":22}},"18":{"start":{"line":46,"column":6},"end":{"line":46,"column":25}},"19":{"start":{"line":47,"column":6},"end":{"line":47,"column":28}},"20":{"start":{"line":51,"column":19},"end":{"line":54,"column":3}},"21":{"start":{"line":52,"column":24},"end":{"line":52,"column":34}},"22":{"start":{"line":53,"column":4},"end":{"line":53,"column":30}},"23":{"start":{"line":57,"column":46},"end":{"line":57,"column":56}},"24":{"start":{"line":58,"column":4},"end":{"line":149,"column":6}},"25":{"start":{"line":153,"column":0},"end":{"line":155,"column":13}},"26":{"start":{"line":157,"column":27},"end":{"line":162,"column":2}},"27":{"start":{"line":157,"column":42},"end":{"line":162,"column":1}},"28":{"start":{"line":159,"column":4},"end":{"line":159,"column":35}},"29":{"start":{"line":161,"column":4},"end":{"line":161,"column":33}}},"fnMap":{"0":{"name":"(anonymous_0)","decl":{"start":{"line":18,"column":17},"end":{"line":18,"column":18}},"loc":{"start":{"line":18,"column":50},"end":{"line":32,"column":3}},"line":18},"1":{"name":"(anonymous_1)","decl":{"start":{"line":34,"column":17},"end":{"line":34,"column":18}},"loc":{"start":{"line":34,"column":30},"end":{"line":49,"column":3}},"line":34},"2":{"name":"(anonymous_2)","decl":{"start":{"line":51,"column":19},"end":{"line":51,"column":20}},"loc":{"start":{"line":51,"column":25},"end":{"line":54,"column":3}},"line":51},"3":{"name":"(anonymous_3)","decl":{"start":{"line":56,"column":2},"end":{"line":56,"column":3}},"loc":{"start":{"line":56,"column":11},"end":{"line":150,"column":3}},"line":56},"4":{"name":"(anonymous_4)","decl":{"start":{"line":157,"column":27},"end":{"line":157,"column":28}},"loc":{"start":{"line":157,"column":42},"end":{"line":162,"column":1}},"line":157},"5":{"name":"(anonymous_5)","decl":{"start":{"line":158,"column":12},"end":{"line":158,"column":13}},"loc":{"start":{"line":159,"column":4},"end":{"line":159,"column":35}},"line":159},"6":{"name":"(anonymous_6)","decl":{"start":{"line":160,"column":11},"end":{"line":160,"column":12}},"loc":{"start":{"line":161,"column":4},"end":{"line":161,"column":33}},"line":161}},"branchMap":{"0":{"loc":{"start":{"line":23,"column":4},"end":{"line":31,"column":5}},"type":"if","locations":[{"start":{"line":23,"column":4},"end":{"line":31,"column":5}},{"start":{"line":23,"column":4},"end":{"line":31,"column":5}}],"line":23},"1":{"loc":{"start":{"line":23,"column":8},"end":{"line":23,"column":26}},"type":"binary-expr","locations":[{"start":{"line":23,"column":8},"end":{"line":23,"column":17}},{"start":{"line":23,"column":21},"end":{"line":23,"column":26}}],"line":23},"2":{"loc":{"start":{"line":41,"column":4},"end":{"line":48,"column":5}},"type":"if","locations":[{"start":{"line":41,"column":4},"end":{"line":48,"column":5}},{"start":{"line":41,"column":4},"end":{"line":48,"column":5}}],"line":41}},"s":{"0":16,"1":16,"2":182,"3":182,"4":182,"5":70,"6":112,"7":16,"8":6,"9":6,"10":6,"11":6,"12":5,"13":5,"14":5,"15":1,"16":4,"17":4,"18":4,"19":4,"20":16,"21":1,"22":1,"23":199,"24":199,"25":4,"26":4,"27":16,"28":4,"29":4},"f":{"0":182,"1":6,"2":1,"3":199,"4":16,"5":4,"6":4},"b":{"0":[70,112],"1":[182,70],"2":[1,4]},"_coverageSchema":"43e27e138ebf9cfc5966b082cf9a028302ed4184","hash":"90ce743d8adfe5a563ed931b202942fbfd99ed10"}
,"/home/hoffman/Projects/Projetos-Trybe/my-repository/trivia/src/pages/Ranking.jsx": {"path":"/home/hoffman/Projects/Projetos-Trybe/my-repository/trivia/src/pages/Ranking.jsx","statementMap":{"0":{"start":{"line":10,"column":10},"end":{"line":12,"column":3}},"1":{"start":{"line":14,"column":22},"end":{"line":16,"column":3}},"2":{"start":{"line":15,"column":4},"end":{"line":15,"column":76}},"3":{"start":{"line":18,"column":17},"end":{"line":22,"column":3}},"4":{"start":{"line":19,"column":41},"end":{"line":19,"column":51}},"5":{"start":{"line":20,"column":4},"end":{"line":20,"column":22}},"6":{"start":{"line":21,"column":4},"end":{"line":21,"column":23}},"7":{"start":{"line":25,"column":24},"end":{"line":25,"column":34}},"8":{"start":{"line":26,"column":4},"end":{"line":59,"column":6}},"9":{"start":{"line":47,"column":32},"end":{"line":47,"column":49}},"10":{"start":{"line":49,"column":18},"end":{"line":53,"column":23}},"11":{"start":{"line":63,"column":0},"end":{"line":65,"column":13}},"12":{"start":{"line":67,"column":27},"end":{"line":69,"column":2}},"13":{"start":{"line":67,"column":42},"end":{"line":69,"column":1}},"14":{"start":{"line":68,"column":30},"end":{"line":68,"column":68}}},"fnMap":{"0":{"name":"(anonymous_0)","decl":{"start":{"line":14,"column":22},"end":{"line":14,"column":23}},"loc":{"start":{"line":14,"column":28},"end":{"line":16,"column":3}},"line":14},"1":{"name":"(anonymous_1)","decl":{"start":{"line":18,"column":17},"end":{"line":18,"column":18}},"loc":{"start":{"line":18,"column":23},"end":{"line":22,"column":3}},"line":18},"2":{"name":"(anonymous_2)","decl":{"start":{"line":24,"column":2},"end":{"line":24,"column":3}},"loc":{"start":{"line":24,"column":11},"end":{"line":60,"column":3}},"line":24},"3":{"name":"(anonymous_3)","decl":{"start":{"line":47,"column":22},"end":{"line":47,"column":23}},"loc":{"start":{"line":47,"column":32},"end":{"line":47,"column":49}},"line":47},"4":{"name":"(anonymous_4)","decl":{"start":{"line":48,"column":21},"end":{"line":48,"column":22}},"loc":{"start":{"line":49,"column":18},"end":{"line":53,"column":23}},"line":49},"5":{"name":"(anonymous_5)","decl":{"start":{"line":67,"column":27},"end":{"line":67,"column":28}},"loc":{"start":{"line":67,"column":42},"end":{"line":69,"column":1}},"line":67},"6":{"name":"(anonymous_6)","decl":{"start":{"line":68,"column":19},"end":{"line":68,"column":20}},"loc":{"start":{"line":68,"column":30},"end":{"line":68,"column":68}},"line":68}},"branchMap":{},"s":{"0":3,"1":3,"2":3,"3":3,"4":1,"5":1,"6":1,"7":6,"8":6,"9":3,"10":6,"11":4,"12":4,"13":3,"14":1},"f":{"0":3,"1":1,"2":6,"3":3,"4":6,"5":3,"6":1},"b":{},"_coverageSchema":"43e27e138ebf9cfc5966b082cf9a028302ed4184","hash":"1ff8e00856d9c67f2daf26b1578553dccad6654c"}
,"/home/hoffman/Projects/Projetos-Trybe/my-repository/trivia/src/pages/Settings.jsx": {"path":"/home/hoffman/Projects/Projetos-Trybe/my-repository/trivia/src/pages/Settings.jsx","statementMap":{"0":{"start":{"line":6,"column":4},"end":{"line":10,"column":6}}},"fnMap":{"0":{"name":"(anonymous_0)","decl":{"start":{"line":5,"column":2},"end":{"line":5,"column":3}},"loc":{"start":{"line":5,"column":11},"end":{"line":11,"column":3}},"line":5}},"branchMap":{},"s":{"0":2},"f":{"0":2},"b":{},"_coverageSchema":"43e27e138ebf9cfc5966b082cf9a028302ed4184","hash":"50c13d74f3864742f502ff342db18e55ae47b129"}
}
