TN:
SF:/home/hoffman/Projects/Projetos-Trybe/my-repository/trivia/src/App.js
FN:10,App
FNF:1
FNH:1
FNDA:14,App
DA:11,14
LF:1
LH:1
BRF:0
BRH:0
end_of_record
TN:
SF:/home/hoffman/Projects/Projetos-Trybe/my-repository/trivia/src/components/Header.jsx
FN:9,(anonymous_0)
FN:14,(anonymous_1)
FN:19,(anonymous_2)
FN:80,(anonymous_3)
FNF:4
FNH:4
FNDA:1,(anonymous_0)
FNDA:1,(anonymous_1)
FNDA:20,(anonymous_2)
FNDA:82,(anonymous_3)
DA:7,4
DA:9,12
DA:10,1
DA:11,1
DA:14,12
DA:15,1
DA:16,1
DA:20,20
DA:21,20
DA:74,4
DA:80,82
LF:11
LH:11
BRDA:55,0,0,2
BRDA:55,0,1,18
BRDA:65,1,0,6
BRDA:65,1,1,14
BRF:4
BRH:4
end_of_record
TN:
SF:/home/hoffman/Projects/Projetos-Trybe/my-repository/trivia/src/components/QuestionCard.jsx
FN:23,(anonymous_0)
FN:37,(anonymous_1)
FN:60,(anonymous_2)
FN:75,(anonymous_3)
FN:92,(anonymous_4)
FN:101,(anonymous_5)
FN:136,(anonymous_6)
FN:145,(anonymous_7)
FN:146,(anonymous_8)
FN:147,(anonymous_9)
FN:148,(anonymous_10)
FNF:11
FNH:11
FNDA:8,(anonymous_0)
FNDA:9,(anonymous_1)
FNDA:1,(anonymous_2)
FNDA:72,(anonymous_3)
FNDA:305,(anonymous_4)
FNDA:150,(anonymous_5)
FNDA:81,(anonymous_6)
FNDA:11,(anonymous_7)
FNDA:8,(anonymous_8)
FNDA:9,(anonymous_9)
FNDA:8,(anonymous_10)
DA:15,4
DA:17,11
DA:23,11
DA:24,8
DA:25,8
DA:26,8
DA:27,1
DA:28,1
DA:30,8
DA:34,8
DA:37,11
DA:38,9
DA:39,9
DA:40,9
DA:44,9
DA:45,9
DA:46,9
DA:51,9
DA:52,9
DA:53,9
DA:54,9
DA:55,9
DA:57,9
DA:60,11
DA:61,1
DA:63,1
DA:68,1
DA:71,1
DA:72,1
DA:76,72
DA:77,72
DA:80,72
DA:89,72
DA:93,305
DA:102,150
DA:136,81
DA:145,11
DA:146,8
DA:147,9
DA:148,8
DA:151,4
LF:41
LH:41
BRDA:26,0,0,1
BRDA:26,0,1,7
BRDA:41,1,0,9
BRDA:41,1,1,9
BRDA:51,2,0,8
BRDA:51,2,1,1
BRDA:53,3,0,6
BRDA:55,4,0,1
BRDA:55,4,1,8
BRDA:68,5,0,0
BRDA:68,5,1,1
BRDA:93,6,0,305
BRDA:93,6,1,60
BRDA:109,7,0,60
BRDA:109,7,1,90
BRDA:113,8,0,60
BRDA:113,8,1,90
BRDA:123,9,0,18
BRDA:123,9,1,42
BRDA:123,10,0,60
BRDA:123,10,1,59
BRF:21
BRH:20
end_of_record
TN:
SF:/home/hoffman/Projects/Projetos-Trybe/my-repository/trivia/src/components/timer.jsx
FN:8,(anonymous_0)
FN:16,(anonymous_1)
FN:18,(anonymous_2)
FN:19,(anonymous_3)
FN:26,(anonymous_4)
FN:46,(anonymous_5)
FN:50,(anonymous_6)
FN:62,(anonymous_7)
FN:63,(anonymous_8)
FNF:9
FNH:9
FNDA:17,(anonymous_0)
FNDA:17,(anonymous_1)
FNDA:34,(anonymous_2)
FNDA:34,(anonymous_3)
FNDA:34,(anonymous_4)
FNDA:17,(anonymous_5)
FNDA:51,(anonymous_6)
FNDA:17,(anonymous_7)
FNDA:35,(anonymous_8)
DA:9,17
DA:10,17
DA:17,17
DA:18,17
DA:19,34
DA:27,34
DA:28,34
DA:30,34
DA:35,34
DA:37,1
DA:38,1
DA:47,17
DA:51,51
DA:52,51
DA:58,4
DA:62,17
DA:63,35
LF:17
LH:17
BRDA:35,0,0,1
BRDA:35,0,1,33
BRF:2
BRH:2
end_of_record
TN:
SF:/home/hoffman/Projects/Projetos-Trybe/my-repository/trivia/src/pages/Feedback.js
FN:8,(anonymous_0)
FNF:1
FNH:1
FNDA:1,(anonymous_0)
DA:10,1
LF:1
LH:1
BRF:0
BRH:0
end_of_record
TN:
SF:/home/hoffman/Projects/Projetos-Trybe/my-repository/trivia/src/pages/Game.jsx
FN:10,(anonymous_0)
FN:15,(anonymous_1)
FN:25,(anonymous_2)
FN:26,(anonymous_3)
FNF:4
FNH:4
FNDA:11,(anonymous_0)
FNDA:11,(anonymous_1)
FNDA:11,(anonymous_2)
FNDA:11,(anonymous_3)
DA:11,11
DA:12,11
DA:16,11
DA:25,11
DA:27,11
DA:31,4
LF:6
LH:6
BRF:0
BRH:0
end_of_record
TN:
SF:/home/hoffman/Projects/Projetos-Trybe/my-repository/trivia/src/pages/Login.jsx
FN:18,(anonymous_0)
FN:34,(anonymous_1)
FN:51,(anonymous_2)
FN:56,(anonymous_3)
FN:157,(anonymous_4)
FN:158,(anonymous_5)
FN:160,(anonymous_6)
FNF:7
FNH:7
FNDA:182,(anonymous_0)
FNDA:6,(anonymous_1)
FNDA:1,(anonymous_2)
FNDA:199,(anonymous_3)
FNDA:16,(anonymous_4)
FNDA:4,(anonymous_5)
FNDA:4,(anonymous_6)
DA:12,16
DA:18,16
DA:19,182
DA:22,182
DA:23,182
DA:24,70
DA:28,112
DA:34,16
DA:35,6
DA:36,6
DA:37,6
DA:38,6
DA:39,5
DA:40,5
DA:41,5
DA:42,1
DA:44,4
DA:45,4
DA:46,4
DA:47,4
DA:51,16
DA:52,1
DA:53,1
DA:57,199
DA:58,199
DA:153,4
DA:157,16
DA:159,4
DA:161,4
LF:29
LH:29
BRDA:23,0,0,70
BRDA:23,0,1,112
BRDA:23,1,0,182
BRDA:23,1,1,70
BRDA:41,2,0,1
BRDA:41,2,1,4
BRF:6
BRH:6
end_of_record
TN:
SF:/home/hoffman/Projects/Projetos-Trybe/my-repository/trivia/src/pages/Ranking.jsx
FN:14,(anonymous_0)
FN:18,(anonymous_1)
FN:24,(anonymous_2)
FN:47,(anonymous_3)
FN:48,(anonymous_4)
FN:67,(anonymous_5)
FN:68,(anonymous_6)
FNF:7
FNH:7
FNDA:3,(anonymous_0)
FNDA:1,(anonymous_1)
FNDA:6,(anonymous_2)
FNDA:3,(anonymous_3)
FNDA:6,(anonymous_4)
FNDA:3,(anonymous_5)
FNDA:1,(anonymous_6)
DA:10,3
DA:14,3
DA:15,3
DA:18,3
DA:19,1
DA:20,1
DA:21,1
DA:25,6
DA:26,6
DA:47,3
DA:49,6
DA:63,4
DA:67,4
DA:68,1
LF:14
LH:14
BRF:0
BRH:0
end_of_record
TN:
SF:/home/hoffman/Projects/Projetos-Trybe/my-repository/trivia/src/pages/Settings.jsx
FN:5,(anonymous_0)
FNF:1
FNH:1
FNDA:2,(anonymous_0)
DA:6,2
LF:1
LH:1
BRF:0
BRH:0
end_of_record
